0.7836 	WARNING 	We strongly recommend you activate the PTB sound engine in PsychoPy prefs as the preferred audio engine. Its timing is vastly superior. Your prefs are currently set to use ['sounddevice', 'PTB', 'pyo', 'pygame'] (in that order).
2.5282 	WARNING 	/Users/hsun11/.psychopy3/fonts/Helvetica.truetype doesn't have valid font family name
2.5696 	WARNING 	/Users/hsun11/.psychopy3/fonts/Helvetica.truetype doesn't have valid font family name
9.8396 	WARNING 	Couldn't measure a consistent frame rate.
  - Is your graphics card set to sync to vertical blank?
  - Are you running other processes on your computer?

9.8406 	EXP 	Created window1 = Window(allowGUI=False, allowStencil=False, autoLog=True, backendConf=UNKNOWN, bitsMode=UNKNOWN, blendMode='avg', bpc=(8, 8, 8), color=array([0, 0, 0]), colorSpace='rgb', depthBits=8, fullscr=<method-wrapper '__getattribute__' of attributeSetter object at 0x7fee77b90ba8>, gamma=None, gammaErrorPolicy='raise', lms=UNKNOWN, monitor=<psychopy.monitors.calibTools.Monitor object at 0x7fee85d7e5f8>, multiSample=False, name='window1', numSamples=2, pos=[360.0, 225.0], screen=0, size=array([2880, 1800]), stencilBits=0, stereo=False, units='height', useFBO=True, useRetina=True, viewOri=0.0, viewPos=None, viewScale=None, waitBlanking=True, winType='pyglet')
9.8411 	EXP 	window1: mouseVisible = True
9.8411 	EXP 	window1: recordFrameIntervals = False
9.9496 	EXP 	window1: recordFrameIntervals = True
10.0009 	WARNING 	t of last frame was 24.73ms (=1/40)
10.8510 	WARNING 	Couldn't measure a consistent frame rate.
  - Is your graphics card set to sync to vertical blank?
  - Are you running other processes on your computer?

13.4661 	EXP 	Created text_instructions_top = TextStim(__class__=<class 'psychopy.visual.text.TextStim'>, alignHoriz=method-wrapper(...), alignText='center', alignVert=method-wrapper(...), anchorHoriz='center', anchorVert='center', antialias=True, autoLog=True, bold=False, color=array([1., 1., 1.]), colorSpace='rgb', contrast=1.0, depth=0.0, flipHoriz=False, flipVert=False, font='Open Sans', fontFiles=[], height=0.05, italic=False, languageStyle='LTR', name='text_instructions_top', opacity=1, ori=0.0, pos=array([0. , 0.4]), rgb=UNKNOWN, text='', units='height', win=Window(...), wrapWidth=1.3)
13.4723 	EXP 	Created instructions_image = ImageStim(__class__=<class 'psychopy.visual.image.ImageStim'>, autoLog=True, color=array([1., 1., 1.]), colorSpace='rgb', contrast=1.0, depth=-1.0, flipHoriz=False, flipVert=False, image='sin', interpolate=True, mask=None, maskParams=None, name='instructions_image', opacity=1, ori=0.0, pos=array([ 0.  , -0.08]), size=array([1.24, 0.7 ]), texRes=128.0, units='height', win=Window(...))
13.4733 	EXP 	Created text_instructions_bottom = TextStim(__class__=<class 'psychopy.visual.text.TextStim'>, alignHoriz=method-wrapper(...), alignText='center', alignVert=method-wrapper(...), anchorHoriz='center', anchorVert='center', antialias=True, autoLog=True, bold=False, color=array([1., 1., 1.]), colorSpace='rgb', contrast=1.0, depth=-2.0, flipHoriz=False, flipVert=False, font='Open Sans', fontFiles=[], height=0.05, italic=False, languageStyle='LTR', name='text_instructions_bottom', opacity=1, ori=0.0, pos=array([ 0.  , -0.45]), rgb=UNKNOWN, text='', units='height', win=Window(...), wrapWidth=1.3)
14.1599 	EXP 	Created cali_text = TextStim(__class__=<class 'psychopy.visual.text.TextStim'>, alignHoriz=method-wrapper(...), alignText='center', alignVert=method-wrapper(...), anchorHoriz='center', anchorVert='center', antialias=True, autoLog=True, bold=False, color=array([1., 1., 1.]), colorSpace='rgb', contrast=1.0, depth=0.0, flipHoriz=False, flipVert=False, font='Open Sans', fontFiles=[], height=0.05, italic=False, languageStyle='LTR', name='cali_text', opacity=1, ori=0.0, pos=array([0., 0.]), rgb=UNKNOWN, text='Press ENTER to start calibration.', units='height', win=Window(...), wrapWidth=1)
14.8279 	EXP 	Created wait_text = TextStim(__class__=<class 'psychopy.visual.text.TextStim'>, alignHoriz=method-wrapper(...), alignText='center', alignVert=method-wrapper(...), anchorHoriz='center', anchorVert='center', antialias=True, autoLog=True, bold=False, color=array([1., 1., 1.]), colorSpace='rgb', contrast=1.0, depth=-1.0, flipHoriz=False, flipVert=False, font='Open Sans', fontFiles=[], height=0.05, italic=False, languageStyle='LTR', name='wait_text', opacity=1, ori=0.0, pos=array([0., 0.]), rgb=UNKNOWN, text=str(...), units='height', win=Window(...), wrapWidth=1)
14.8326 	EXP 	Created beginning_text = TextStim(__class__=<class 'psychopy.visual.text.TextStim'>, alignHoriz=method-wrapper(...), alignText='center', alignVert=method-wrapper(...), anchorHoriz='center', anchorVert='center', antialias=True, autoLog=True, bold=False, color=array([1., 1., 1.]), colorSpace='rgb', contrast=1.0, depth=0.0, flipHoriz=False, flipVert=False, font='Open Sans', fontFiles=[], height=0.05, italic=False, languageStyle='LTR', name='beginning_text', opacity=1, ori=0.0, pos=array([0., 0.]), rgb=UNKNOWN, text=str(...), units='height', win=Window(...), wrapWidth=1)
14.8360 	EXP 	Created reading_image = ImageStim(__class__=<class 'psychopy.visual.image.ImageStim'>, autoLog=True, color=array([1., 1., 1.]), colorSpace='rgb', contrast=1.0, depth=0.0, flipHoriz=False, flipVert=False, image='sin', interpolate=True, mask=None, maskParams=None, name='reading_image', opacity=1, ori=0.0, pos=array([0., 0.]), size=array([1.3 , 0.99]), texRes=128.0, units='height', win=Window(...))
14.8390 	EXP 	Created cross = TextStim(__class__=<class 'psychopy.visual.text.TextStim'>, alignHoriz=method-wrapper(...), alignText='center', alignVert=method-wrapper(...), anchorHoriz='center', anchorVert='center', antialias=True, autoLog=True, bold=False, color=array([-1., -1., -1.]), colorSpace='rgb', contrast=1.0, depth=-1.0, flipHoriz=False, flipVert=False, font='Open Sans', fontFiles=[], height=0.1, italic=False, languageStyle='LTR', name='cross', opacity=1, ori=0.0, pos=array([-0.5 ,  0.45]), rgb=UNKNOWN, text='+', units='height', win=Window(...), wrapWidth=1)
15.4984 	EXP 	Created text_page_bottom = TextStim(__class__=<class 'psychopy.visual.text.TextStim'>, alignHoriz=method-wrapper(...), alignText='center', alignVert=method-wrapper(...), anchorHoriz='center', anchorVert='center', antialias=True, autoLog=True, bold=False, color=array([1., 1., 1.]), colorSpace='rgb', contrast=1.0, depth=-4.0, flipHoriz=False, flipVert=False, font='Open Sans', fontFiles=[], height=0.025, italic=False, languageStyle='LTR', name='text_page_bottom', opacity=1, ori=0.0, pos=array([ 0.   , -0.485]), rgb=UNKNOWN, text='', units='height', win=Window(...), wrapWidth=1.3)
15.5012 	EXP 	Created error_background = Rect(__class__=<class 'psychopy.visual.rect.Rect'>, autoDraw=False, autoLog=True, closeShape=True, color=method-wrapper(...), colorSpace='rgb', contrast=None, depth=0.0, fillColor=array([0.5294, 0.    , 0.    ]), fillColorSpace='rgb', fillRGB=array([0.5294, 0.    , 0.    ]), interpolate=True, lineColor=array([0.5294, 0.    , 0.    ]), lineColorSpace='rgb', lineRGB=array([0.5294, 0.    , 0.    ]), lineWidth=1.0, name='error_background', opacity=1, ori=0.0, pos=array([0., 0.]), size=array([1.4, 1. ]), units='height', vertices=ndarray(...), win=Window(...))
15.5045 	EXP 	Created reading_image_error = ImageStim(__class__=<class 'psychopy.visual.image.ImageStim'>, autoLog=True, color=array([1., 1., 1.]), colorSpace='rgb', contrast=1.0, depth=-1.0, flipHoriz=False, flipVert=False, image='sin', interpolate=True, mask=None, maskParams=None, name='reading_image_error', opacity=1, ori=0.0, pos=array([0.  , 0.05]), size=array([1.12, 0.85]), texRes=128.0, units='height', win=Window(...))
15.5053 	EXP 	Created text_error_bottom = TextStim(__class__=<class 'psychopy.visual.text.TextStim'>, alignHoriz=method-wrapper(...), alignText='center', alignVert=method-wrapper(...), anchorHoriz='center', anchorVert='center', antialias=True, autoLog=True, bold=False, color=array([1., 1., 1.]), colorSpace='rgb', contrast=1.0, depth=-2.0, flipHoriz=False, flipVert=False, font='Open Sans', fontFiles=[], height=0.025, italic=False, languageStyle='LTR', name='text_error_bottom', opacity=1, ori=0.0, pos=array([ 0.  , -0.45]), rgb=UNKNOWN, text='', units='height', win=Window(...), wrapWidth=1.3)
15.5055 	EXP 	window1: mouseVisible = True
16.1771 	EXP 	Created text_probe_instructions = TextStim(__class__=<class 'psychopy.visual.text.TextStim'>, alignHoriz=method-wrapper(...), alignText='center', alignVert=method-wrapper(...), anchorHoriz='center', anchorVert='center', antialias=True, autoLog=True, bold=False, color=array([1., 1., 1.]), colorSpace='rgb', contrast=1.0, depth=0.0, flipHoriz=False, flipVert=False, font='Open Sans', fontFiles=[], height=0.05, italic=False, languageStyle='LTR', name='text_probe_instructions', opacity=1, ori=0.0, pos=array([0.   , 0.375]), rgb=UNKNOWN, text=str(...), units='height', win=Window(...), wrapWidth=1.4)
16.1846 	EXP 	Created text_task = TextStim(__class__=<class 'psychopy.visual.text.TextStim'>, alignHoriz=method-wrapper(...), alignText='center', alignVert=method-wrapper(...), anchorHoriz='center', anchorVert='center', antialias=True, autoLog=True, bold=False, color=array([1., 1., 1.]), colorSpace='rgb', contrast=1.0, depth=-1.0, flipHoriz=False, flipVert=False, font='Open Sans', fontFiles=[], height=0.03, italic=False, languageStyle='LTR', name='text_task', opacity=1, ori=0.0, pos=array([0.  , 0.25]), rgb=UNKNOWN, text=str(...), units='height', win=Window(...), wrapWidth=1)
16.1978 	EXP 	window1: mouseVisible = True
16.2113 	EXP 	Created slider_task = Slider(__class__=<class 'psychopy.visual.slider.Slider'>, autoDraw=False, autoLog=True, borderColor=None, color=None, colorSpace='rgb', depth=-2, fillColor=None, flip=False, font='Open Sans', granularity=0.01, labelHeight=0.025, labelWrapWidth=None, labels=('Not at all', 'Completely'), name='slider_task', opacity=None, pos=(0, 0.2), readOnly=False, self=UNKNOWN, size=(1.0, 0.03), startValue=None, style=method-wrapper(...), styleTweaks=method-wrapper(...), ticks=array([0, 1]), units='height', win=Window(...))
16.2211 	EXP 	Created text_detailed = TextStim(__class__=<class 'psychopy.visual.text.TextStim'>, alignHoriz=method-wrapper(...), alignText='center', alignVert=method-wrapper(...), anchorHoriz='center', anchorVert='center', antialias=True, autoLog=True, bold=False, color=array([1., 1., 1.]), colorSpace='rgb', contrast=1.0, depth=-3.0, flipHoriz=False, flipVert=False, font='Open Sans', fontFiles=[], height=0.03, italic=False, languageStyle='LTR', name='text_detailed', opacity=1, ori=0.0, pos=array([0. , 0.1]), rgb=UNKNOWN, text='My thoughts were detailed and specific.', units='height', win=Window(...), wrapWidth=1)
16.2254 	EXP 	window1: mouseVisible = True
16.2350 	EXP 	Created slider_detailed = Slider(__class__=<class 'psychopy.visual.slider.Slider'>, autoDraw=False, autoLog=True, borderColor=None, color=None, colorSpace='rgb', depth=-4, fillColor=None, flip=False, font='Open Sans', granularity=0.01, labelHeight=0.025, labelWrapWidth=None, labels=('Not at all', 'Completely'), name='slider_detailed', opacity=None, pos=(0, 0.05), readOnly=False, self=UNKNOWN, size=(1.0, 0.03), startValue=None, style=method-wrapper(...), styleTweaks=method-wrapper(...), ticks=array([0, 1]), units='height', win=Window(...))
16.2419 	EXP 	Created text_words = TextStim(__class__=<class 'psychopy.visual.text.TextStim'>, alignHoriz=method-wrapper(...), alignText='center', alignVert=method-wrapper(...), anchorHoriz='center', anchorVert='center', antialias=True, autoLog=True, bold=False, color=array([1., 1., 1.]), colorSpace='rgb', contrast=1.0, depth=-5.0, flipHoriz=False, flipVert=False, font='Open Sans', fontFiles=[], height=0.03, italic=False, languageStyle='LTR', name='text_words', opacity=1, ori=0.0, pos=array([ 0.  , -0.05]), rgb=UNKNOWN, text='My thoughts were in the form of words.', units='height', win=Window(...), wrapWidth=1)
16.2463 	EXP 	window1: mouseVisible = True
16.2558 	EXP 	Created slider_words = Slider(__class__=<class 'psychopy.visual.slider.Slider'>, autoDraw=False, autoLog=True, borderColor=None, color=None, colorSpace='rgb', depth=-6, fillColor=None, flip=False, font='Open Sans', granularity=0.01, labelHeight=0.025, labelWrapWidth=None, labels=('Not at all', 'Completely'), name='slider_words', opacity=None, pos=(0, -0.1), readOnly=False, self=UNKNOWN, size=(1.0, 0.03), startValue=None, style=method-wrapper(...), styleTweaks=method-wrapper(...), ticks=array([0, 1]), units='height', win=Window(...))
16.2620 	EXP 	Created text_emotion = TextStim(__class__=<class 'psychopy.visual.text.TextStim'>, alignHoriz=method-wrapper(...), alignText='center', alignVert=method-wrapper(...), anchorHoriz='center', anchorVert='center', antialias=True, autoLog=True, bold=False, color=array([1., 1., 1.]), colorSpace='rgb', contrast=1.0, depth=-7.0, flipHoriz=False, flipVert=False, font='Open Sans', fontFiles=[], height=0.03, italic=False, languageStyle='LTR', name='text_emotion', opacity=1, ori=0.0, pos=array([ 0. , -0.2]), rgb=UNKNOWN, text='My thoughts were…', units='height', win=Window(...), wrapWidth=1)
16.2663 	EXP 	window1: mouseVisible = True
16.2770 	EXP 	Created slider_emotion = Slider(__class__=<class 'psychopy.visual.slider.Slider'>, autoDraw=False, autoLog=True, borderColor=None, color=None, colorSpace='rgb', depth=-8, fillColor=None, flip=False, font='Open Sans', granularity=0.01, labelHeight=0.025, labelWrapWidth=None, labels=('Very Negative', 'Very Positive'), name='slider_emotion', opacity=None, pos=(0, -0.25), readOnly=False, self=UNKNOWN, size=(1.0, 0.03), startValue=None, style=method-wrapper(...), styleTweaks=method-wrapper(...), ticks=array([0, 1]), units='height', win=Window(...))
16.2964 	EXP 	window1: mouseVisible = True
16.3012 	EXP 	Created reading_image = ImageStim(__class__=<class 'psychopy.visual.image.ImageStim'>, autoLog=True, color=array([1., 1., 1.]), colorSpace='rgb', contrast=1.0, depth=0.0, flipHoriz=False, flipVert=False, image='sin', interpolate=True, mask=None, maskParams=None, name='reading_image', opacity=1, ori=0.0, pos=array([0., 0.]), size=array([1.3 , 0.99]), texRes=128.0, units='height', win=Window(...))
16.3047 	EXP 	Created cross = TextStim(__class__=<class 'psychopy.visual.text.TextStim'>, alignHoriz=method-wrapper(...), alignText='center', alignVert=method-wrapper(...), anchorHoriz='center', anchorVert='center', antialias=True, autoLog=True, bold=False, color=array([-1., -1., -1.]), colorSpace='rgb', contrast=1.0, depth=-1.0, flipHoriz=False, flipVert=False, font='Open Sans', fontFiles=[], height=0.05, italic=False, languageStyle='LTR', name='cross', opacity=1, ori=0.0, pos=array([-0.63,  0.47]), rgb=UNKNOWN, text='+', units='height', win=Window(...), wrapWidth=1)
16.9628 	EXP 	Created text_page_bottom = TextStim(__class__=<class 'psychopy.visual.text.TextStim'>, alignHoriz=method-wrapper(...), alignText='center', alignVert=method-wrapper(...), anchorHoriz='center', anchorVert='center', antialias=True, autoLog=True, bold=False, color=array([1., 1., 1.]), colorSpace='rgb', contrast=1.0, depth=-4.0, flipHoriz=False, flipVert=False, font='Open Sans', fontFiles=[], height=0.025, italic=False, languageStyle='LTR', name='text_page_bottom', opacity=1, ori=0.0, pos=array([ 0.  , -0.55]), rgb=UNKNOWN, text='', units='height', win=Window(...), wrapWidth=1.3)
16.9751 	EXP 	Created text_instructions_top_2 = TextStim(__class__=<class 'psychopy.visual.text.TextStim'>, alignHoriz=method-wrapper(...), alignText='center', alignVert=method-wrapper(...), anchorHoriz='center', anchorVert='center', antialias=True, autoLog=True, bold=False, color=array([1., 1., 1.]), colorSpace='rgb', contrast=1.0, depth=0.0, flipHoriz=False, flipVert=False, font='Open Sans', fontFiles=[], height=0.05, italic=False, languageStyle='LTR', name='text_instructions_top_2', opacity=1, ori=0.0, pos=array([0.  , 0.35]), rgb=UNKNOWN, text=str(...), units='height', win=Window(...), wrapWidth=1.3)
16.9794 	EXP 	Created instructions_image_2 = ImageStim(__class__=<class 'psychopy.visual.image.ImageStim'>, autoLog=True, color=array([1., 1., 1.]), colorSpace='rgb', contrast=1.0, depth=-1.0, flipHoriz=False, flipVert=False, image='sin', interpolate=True, mask=None, maskParams=None, name='instructions_image_2', opacity=1, ori=0.0, pos=array([ 0.  , -0.08]), size=array([0.9, 0.5]), texRes=128.0, units='height', win=Window(...))
16.9803 	EXP 	Created text_instructions_bottom_2 = TextStim(__class__=<class 'psychopy.visual.text.TextStim'>, alignHoriz=method-wrapper(...), alignText='center', alignVert=method-wrapper(...), anchorHoriz='center', anchorVert='center', antialias=True, autoLog=True, bold=False, color=array([1., 1., 1.]), colorSpace='rgb', contrast=1.0, depth=-2.0, flipHoriz=False, flipVert=False, font='Open Sans', fontFiles=[], height=0.05, italic=False, languageStyle='LTR', name='text_instructions_bottom_2', opacity=1, ori=0.0, pos=array([ 0.  , -0.45]), rgb=UNKNOWN, text='', units='height', win=Window(...), wrapWidth=1.3)
17.6393 	EXP 	Created text_question = TextStim(__class__=<class 'psychopy.visual.text.TextStim'>, alignHoriz=method-wrapper(...), alignText='center', alignVert=method-wrapper(...), anchorHoriz='center', anchorVert='center', antialias=True, autoLog=True, bold=False, color=array([1., 1., 1.]), colorSpace='rgb', contrast=1.0, depth=-1.0, flipHoriz=False, flipVert=False, font='Open Sans', fontFiles=[], height=0.05, italic=False, languageStyle='LTR', name='text_question', opacity=1, ori=0.0, pos=array([0. , 0.4]), rgb=UNKNOWN, text='', units='height', win=Window(...), wrapWidth=1.3)
17.6402 	EXP 	Created text_options = TextStim(__class__=<class 'psychopy.visual.text.TextStim'>, alignHoriz=method-wrapper(...), alignText='center', alignVert=method-wrapper(...), anchorHoriz='center', anchorVert='center', antialias=True, autoLog=True, bold=False, color=array([1., 1., 1.]), colorSpace='rgb', contrast=1.0, depth=-2.0, flipHoriz=False, flipVert=False, font='Open Sans', fontFiles=[], height=0.05, italic=False, languageStyle='LTR', name='text_options', opacity=1, ori=0.0, pos=array([ 0. , -0.1]), rgb=UNKNOWN, text='', units='height', win=Window(...), wrapWidth=1.3)
18.2980 	EXP 	Created text_question_instructions = TextStim(__class__=<class 'psychopy.visual.text.TextStim'>, alignHoriz=method-wrapper(...), alignText='center', alignVert=method-wrapper(...), anchorHoriz='center', anchorVert='center', antialias=True, autoLog=True, bold=False, color=array([1., 1., 1.]), colorSpace='rgb', contrast=1.0, depth=-4.0, flipHoriz=False, flipVert=False, font='Open Sans', fontFiles=[], height=0.025, italic=False, languageStyle='LTR', name='text_question_instructions', opacity=1, ori=0.0, pos=array([ 0.  , -0.42]), rgb=UNKNOWN, text='', units='height', win=Window(...), wrapWidth=1.3)
18.3044 	EXP 	Created next_reading_text = TextStim(__class__=<class 'psychopy.visual.text.TextStim'>, alignHoriz=method-wrapper(...), alignText='center', alignVert=method-wrapper(...), anchorHoriz='center', anchorVert='center', antialias=True, autoLog=True, bold=False, color=array([1., 1., 1.]), colorSpace='rgb', contrast=1.0, depth=0.0, flipHoriz=False, flipVert=False, font='Open Sans', fontFiles=[], height=0.05, italic=False, languageStyle='LTR', name='next_reading_text', opacity=1, ori=0.0, pos=array([0., 0.]), rgb=UNKNOWN, text=str(...), units='height', win=Window(...), wrapWidth=1)
18.9646 	EXP 	Created goodbye_text_top = TextStim(__class__=<class 'psychopy.visual.text.TextStim'>, alignHoriz=method-wrapper(...), alignText='center', alignVert=method-wrapper(...), anchorHoriz='center', anchorVert='center', antialias=True, autoLog=True, bold=False, color=array([1., 1., 1.]), colorSpace='rgb', contrast=1.0, depth=-1.0, flipHoriz=False, flipVert=False, font='Open Sans', fontFiles=[], height=0.05, italic=False, languageStyle='LTR', name='goodbye_text_top', opacity=1, ori=0.0, pos=array([0.  , 0.35]), rgb=UNKNOWN, text='Thank you for participating!', units='height', win=Window(...), wrapWidth=1.3)
18.9657 	EXP 	Created hash_text = TextStim(__class__=<class 'psychopy.visual.text.TextStim'>, alignHoriz=method-wrapper(...), alignText='center', alignVert=method-wrapper(...), anchorHoriz='center', anchorVert='center', antialias=True, autoLog=True, bold=False, color=array([-1., -1., -1.]), colorSpace='rgb', contrast=1.0, depth=-2.0, flipHoriz=False, flipVert=False, font='Open Sans', fontFiles=[], height=0.1, italic=False, languageStyle='LTR', name='hash_text', opacity=1, ori=0.0, pos=array([0., 0.]), rgb=UNKNOWN, text='', units='height', win=Window(...), wrapWidth=1.3)
18.9687 	EXP 	Created goodbye_text_bottom = TextStim(__class__=<class 'psychopy.visual.text.TextStim'>, alignHoriz=method-wrapper(...), alignText='center', alignVert=method-wrapper(...), anchorHoriz='center', anchorVert='center', antialias=True, autoLog=True, bold=False, color=array([1., 1., 1.]), colorSpace='rgb', contrast=1.0, depth=-3.0, flipHoriz=False, flipVert=False, font='Open Sans', fontFiles=[], height=0.05, italic=False, languageStyle='LTR', name='goodbye_text_bottom', opacity=1, ori=0.0, pos=array([ 0. , -0.4]), rgb=UNKNOWN, text='Press X to end the experiment.', units='height', win=Window(...), wrapWidth=1.3)
19.6372 	EXP 	Created text_sending = TextStim(__class__=<class 'psychopy.visual.text.TextStim'>, alignHoriz=method-wrapper(...), alignText='center', alignVert=method-wrapper(...), anchorHoriz='center', anchorVert='center', antialias=True, autoLog=True, bold=False, color=array([-1., -1., -1.]), colorSpace='rgb', contrast=1.0, depth=0.0, flipHoriz=False, flipVert=False, font='Open Sans', fontFiles=[], height=0.075, italic=False, languageStyle='LTR', name='text_sending', opacity=1, ori=0.0, pos=array([0., 0.]), rgb=UNKNOWN, text=str(...), units='height', win=Window(...), wrapWidth=1.3)
19.6557 	EXP 	window1: mouseVisible = False
19.6557 	EXP 	window1: units = 'pix'
19.7019 	EXP 	Imported instructions_eye_tracking.xlsx as conditions, 10 conditions, 4 params
19.7030 	EXP 	Created sequence: sequential, trialTypes=10, nReps=0, seed=None
19.7074 	EXP 	Imported reading_condition_file.xlsx as conditions, 4 conditions, 4 params
19.7076 	EXP 	Created sequence: sequential, trialTypes=4, nReps=1, seed=None
19.7078 	EXP 	New trial (rep=0, index=0): {'trial': 3, 'reading': 'Prisoners Dilemma', 'readingCond': 'prisoners_dilemma.xlsx', 'questionCond': 'questions/prisoners_dilemma_questions.xlsx'}
19.7200 	WARNING 	t of last frame was 8869.31ms (=1/0)
19.7200 	EXP 	slider_task: autoLog = True
19.7200 	EXP 	slider_task: markerPos = None
19.7200 	EXP 	slider_task: rating = None
19.7200 	EXP 	slider_task: markerPos = None
19.7200 	EXP 	slider_task: contrast = 1.0
19.7200 	EXP 	slider_task: autoLog = True
19.7200 	EXP 	slider_task: styleTweaks = []
19.7200 	EXP 	slider_task: style = 'rating'
19.7200 	EXP 	slider_task: styleTweaks = ['triangleMarker']
19.7200 	EXP 	slider_detailed: autoLog = True
19.7200 	EXP 	slider_detailed: markerPos = None
19.7200 	EXP 	slider_detailed: rating = None
19.7200 	EXP 	slider_detailed: markerPos = None
19.7200 	EXP 	slider_detailed: contrast = 1.0
19.7200 	EXP 	slider_detailed: autoLog = True
19.7200 	EXP 	slider_detailed: styleTweaks = []
19.7200 	EXP 	slider_detailed: style = 'rating'
19.7200 	EXP 	slider_detailed: styleTweaks = ['triangleMarker']
19.7200 	EXP 	slider_words: autoLog = True
19.7200 	EXP 	slider_words: markerPos = None
19.7200 	EXP 	slider_words: rating = None
19.7200 	EXP 	slider_words: markerPos = None
19.7200 	EXP 	slider_words: contrast = 1.0
19.7200 	EXP 	slider_words: autoLog = True
19.7200 	EXP 	slider_words: styleTweaks = []
19.7200 	EXP 	slider_words: style = 'rating'
19.7200 	EXP 	slider_words: styleTweaks = ['triangleMarker']
19.7200 	EXP 	slider_emotion: autoLog = True
19.7200 	EXP 	slider_emotion: markerPos = None
19.7200 	EXP 	slider_emotion: rating = None
19.7200 	EXP 	slider_emotion: markerPos = None
19.7200 	EXP 	slider_emotion: contrast = 1.0
19.7200 	EXP 	slider_emotion: autoLog = True
19.7200 	EXP 	slider_emotion: styleTweaks = []
19.7200 	EXP 	slider_emotion: style = 'rating'
19.7200 	EXP 	slider_emotion: styleTweaks = ['triangleMarker']
19.7200 	EXP 	cali_text: autoDraw = True
20.1656 	WARNING 	t of last frame was 23.62ms (=1/42)
20.3249 	WARNING 	t of last frame was 120.61ms (=1/8)
20.3249 	EXP 	cali_text: autoDraw = False
20.3249 	EXP 	cali_text: autoDraw = False
20.3249 	EXP 	wait_text: autoDraw = True
21.5985 	DATA 	Keypress: t
21.6041 	EXP 	wait_text: autoDraw = False
21.6041 	EXP 	beginning_text: autoDraw = True
22.0329 	WARNING 	Multiple dropped frames have occurred - I'll stop bothering you about them!
31.6003 	EXP 	Imported prisoners_dilemma.xlsx as conditions, 10 conditions, 4 params
31.6009 	EXP 	Created sequence: sequential, trialTypes=10, nReps=1, seed=None
31.6013 	EXP 	New trial (rep=0, index=0): {'page': 0, 'image': 'prisoners_dilemma/prisoners_dilemma_control/prisoners_dilemma_control_page00.png', 'image_lexical': 'prisoners_dilemma/prisoners_dilemma_lexical/prisoners_dilemma_lexical_page00.png', 'image_gibberish': 'prisoners_dilemma/prisoners_dilemma_gibberish/prisoners_dilemma_gibberish_page00.png'}
31.7947 	EXP 	beginning_text: autoDraw = False
31.7947 	EXP 	beginning_text: autoDraw = False
31.7947 	EXP 	reading_image: image = 'prisoners_dilemma/prisoners_dilemma_control/prisoners_dilemma_control_page00.png'
31.7947 	EXP 	text_page_bottom: text = 'Press SPACE to continue or X to report an error.\n'
31.7947 	EXP 	cross: autoDraw = True
31.7947 	EXP 	reading_image: texRes = 128.0
31.8497 	EXP 	reading_image: texRes = 128.0
31.8985 	EXP 	reading_image: texRes = 128.0
31.9501 	EXP 	reading_image: texRes = 128.0
32.0026 	EXP 	reading_image: texRes = 128.0
32.0552 	EXP 	reading_image: texRes = 128.0
32.1041 	EXP 	reading_image: texRes = 128.0
32.1546 	EXP 	reading_image: texRes = 128.0
32.2083 	EXP 	reading_image: texRes = 128.0
32.2580 	EXP 	reading_image: texRes = 128.0
32.3073 	EXP 	reading_image: texRes = 128.0
32.3574 	EXP 	reading_image: texRes = 128.0
32.4075 	EXP 	reading_image: texRes = 128.0
32.4586 	EXP 	reading_image: texRes = 128.0
32.5104 	EXP 	reading_image: texRes = 128.0
32.5614 	EXP 	reading_image: texRes = 128.0
32.6112 	EXP 	reading_image: texRes = 128.0
32.6623 	EXP 	reading_image: texRes = 128.0
32.7125 	EXP 	reading_image: texRes = 128.0
32.7628 	EXP 	reading_image: texRes = 128.0
32.8129 	EXP 	reading_image: texRes = 128.0
32.8641 	EXP 	reading_image: texRes = 128.0
32.9161 	EXP 	reading_image: texRes = 128.0
32.9685 	EXP 	reading_image: texRes = 128.0
33.0172 	EXP 	reading_image: texRes = 128.0
33.0683 	EXP 	reading_image: texRes = 128.0
33.1192 	EXP 	reading_image: texRes = 128.0
33.1706 	EXP 	reading_image: texRes = 128.0
33.2220 	EXP 	reading_image: texRes = 128.0
33.2730 	EXP 	reading_image: texRes = 128.0
33.3231 	EXP 	reading_image: texRes = 128.0
33.3733 	EXP 	reading_image: texRes = 128.0
33.4239 	EXP 	reading_image: texRes = 128.0
33.4757 	EXP 	reading_image: texRes = 128.0
33.5250 	EXP 	reading_image: texRes = 128.0
33.5751 	EXP 	reading_image: texRes = 128.0
33.6249 	EXP 	reading_image: texRes = 128.0
33.6756 	EXP 	reading_image: texRes = 128.0
33.7287 	EXP 	reading_image: texRes = 128.0
33.7839 	EXP 	reading_image: autoDraw = True
33.7839 	EXP 	reading_image: texRes = 128.0
33.7839 	EXP 	text_page_bottom: autoDraw = True
33.8363 	EXP 	cross: autoDraw = False
33.8363 	EXP 	reading_image: texRes = 128.0
33.8895 	EXP 	reading_image: texRes = 128.0
33.9431 	EXP 	reading_image: texRes = 128.0
33.9983 	EXP 	reading_image: texRes = 128.0
34.0527 	EXP 	reading_image: texRes = 128.0
34.1070 	EXP 	reading_image: texRes = 128.0
34.1609 	EXP 	reading_image: texRes = 128.0
34.2183 	EXP 	reading_image: texRes = 128.0
34.2731 	EXP 	reading_image: texRes = 128.0
34.3293 	EXP 	reading_image: texRes = 128.0
34.3782 	DATA 	Keypress: x
34.3871 	EXP 	reading_image: texRes = 128.0
34.4346 	EXP 	Created sequence: sequential, trialTypes=1, nReps=1, seed=None
34.4348 	EXP 	New trial (rep=0, index=0): None
34.5077 	EXP 	reading_image: texRes = 128.0
34.5077 	EXP 	reading_image: autoDraw = False
34.5077 	EXP 	cross: autoDraw = False
34.5077 	EXP 	text_page_bottom: autoDraw = False
34.5077 	EXP 	reading_image_error: image = 'prisoners_dilemma/prisoners_dilemma_control/prisoners_dilemma_control_page00.png'
34.5077 	EXP 	text_error_bottom: text = 'Click on the error or Press SPACE if there is no error.'
34.5077 	EXP 	error_background: autoDraw = True
34.5077 	EXP 	text_error_bottom: autoDraw = True
34.9850 	EXP 	reading_image_error: autoDraw = True
36.5241 	DATA 	Keypress: space
36.5891 	EXP 	error_background: autoDraw = False
36.5891 	EXP 	reading_image_error: autoDraw = False
36.5891 	EXP 	text_error_bottom: autoDraw = False
36.5891 	EXP 	slider_task: markerPos = None
36.5891 	EXP 	slider_task: markerPos = None
36.5891 	EXP 	slider_task: rating = None
36.5891 	EXP 	slider_detailed: markerPos = None
36.5891 	EXP 	slider_detailed: markerPos = None
36.5891 	EXP 	slider_detailed: rating = None
36.5891 	EXP 	slider_words: markerPos = None
36.5891 	EXP 	slider_words: markerPos = None
36.5891 	EXP 	slider_words: rating = None
36.5891 	EXP 	slider_emotion: markerPos = None
36.5891 	EXP 	slider_emotion: markerPos = None
36.5891 	EXP 	slider_emotion: rating = None
36.5891 	EXP 	text_probe_instructions: autoDraw = True
36.5891 	EXP 	text_task: autoDraw = True
36.5891 	EXP 	slider_task: autoDraw = True
36.5891 	EXP 	text_detailed: autoDraw = True
36.5891 	EXP 	slider_detailed: autoDraw = True
36.5891 	EXP 	text_words: autoDraw = True
36.5891 	EXP 	slider_words: autoDraw = True
36.5891 	EXP 	text_emotion: autoDraw = True
36.5891 	EXP 	slider_emotion: autoDraw = True
38.4351 	DATA 	Mouse: Left button down, pos=(832,633)
38.4628 	EXP 	slider_task: markerPos = 112.5
38.4801 	EXP 	slider_task: markerPos = 112.5
38.5001 	EXP 	slider_task: markerPos = 112.5
38.5187 	EXP 	slider_task: markerPos = 112.5
38.5196 	DATA 	Mouse:  Left button up, pos=(832,633)
38.5378 	EXP 	slider_task: markerPos = 1.0
38.5378 	EXP 	slider_task: rating = 1.0
39.3209 	DATA 	Mouse: Left button down, pos=(866,632)
39.3380 	EXP 	slider_task: markerPos = 146.5
39.3554 	EXP 	slider_task: markerPos = 146.5
39.3726 	EXP 	slider_task: markerPos = 146.5
39.3888 	EXP 	slider_task: markerPos = 146.5
39.3991 	DATA 	Mouse:  Left button up, pos=(866,632)
39.4051 	EXP 	slider_task: markerPos = 146.5
39.4234 	EXP 	slider_task: markerPos = 1.0
39.4234 	EXP 	slider_task: rating = 1.0
40.3170 	DATA 	Mouse: Left button down, pos=(1153,650)
40.6494 	DATA 	Mouse:  Left button up, pos=(1030,649)
41.0035 	DATA 	Mouse: Left button down, pos=(983,636)
41.0211 	EXP 	slider_task: markerPos = 263.5
41.0382 	EXP 	slider_task: markerPos = 263.5
41.0554 	EXP 	slider_task: markerPos = 263.5
41.0726 	EXP 	slider_task: markerPos = 263.5
41.0834 	DATA 	Mouse:  Left button up, pos=(983,636)
41.0905 	EXP 	slider_task: markerPos = 263.5
41.1073 	EXP 	slider_task: markerPos = 1.0
41.1073 	EXP 	slider_task: rating = 1.0
41.8189 	DATA 	Mouse: Left button down, pos=(819,500)
41.8372 	EXP 	slider_detailed: markerPos = 99.5
41.8548 	EXP 	slider_detailed: markerPos = 99.5
41.8720 	EXP 	slider_detailed: markerPos = 99.5
41.8885 	EXP 	slider_detailed: markerPos = 99.5
41.9063 	EXP 	slider_detailed: markerPos = 99.5
41.9179 	DATA 	Mouse:  Left button up, pos=(819,500)
41.9243 	EXP 	slider_detailed: markerPos = 99.5
41.9422 	EXP 	slider_detailed: markerPos = 1.0
41.9422 	EXP 	slider_detailed: rating = 1.0
42.7018 	DATA 	Mouse: Left button down, pos=(820,356)
42.7195 	EXP 	slider_words: markerPos = 100.5
42.7369 	EXP 	slider_words: markerPos = 100.5
42.7543 	EXP 	slider_words: markerPos = 100.5
42.7670 	DATA 	Mouse:  Left button up, pos=(820,356)
42.7713 	EXP 	slider_words: markerPos = 100.5
42.7887 	EXP 	slider_words: markerPos = 1.0
42.7887 	EXP 	slider_words: rating = 1.0
43.4332 	DATA 	Mouse: Left button down, pos=(820,230)
43.4569 	EXP 	slider_emotion: markerPos = 100.5
43.4748 	EXP 	slider_emotion: markerPos = 100.5
43.4929 	EXP 	slider_emotion: markerPos = 100.5
43.5110 	EXP 	slider_emotion: markerPos = 100.5
43.5168 	DATA 	Mouse:  Left button up, pos=(820,230)
43.5303 	EXP 	slider_emotion: markerPos = 1.0
43.5303 	EXP 	slider_emotion: rating = 1.0
47.5999 	DATA 	Keypress: lshift
47.6104 	DATA 	Keypress: lcommand
56.7503 	DATA 	Keypress: q
