0.7614 	WARNING 	We strongly recommend you activate the PTB sound engine in PsychoPy prefs as the preferred audio engine. Its timing is vastly superior. Your prefs are currently set to use ['sounddevice', 'PTB', 'pyo', 'pygame'] (in that order).
2.8994 	WARNING 	/Users/hsun11/.psychopy3/fonts/Helvetica.truetype doesn't have valid font family name
2.9392 	WARNING 	/Users/hsun11/.psychopy3/fonts/Helvetica.truetype doesn't have valid font family name
7.7639 	WARNING 	User requested fullscreen with size [1024  768], but screen is actually [1440, 900]. Using actual size
9.1242 	WARNING 	Couldn't measure a consistent frame rate.
  - Is your graphics card set to sync to vertical blank?
  - Are you running other processes on your computer?

9.1249 	EXP 	Created window1 = Window(allowGUI=False, allowStencil=False, autoLog=True, backendConf=UNKNOWN, bitsMode=UNKNOWN, blendMode='avg', bpc=(8, 8, 8), color=array([0, 0, 0]), colorSpace='rgb', depthBits=8, fullscr=<method-wrapper '__getattribute__' of attributeSetter object at 0x7fc67c2bdbe0>, gamma=None, gammaErrorPolicy='raise', lms=UNKNOWN, monitor=<psychopy.monitors.calibTools.Monitor object at 0x7fc67b6c1cf8>, multiSample=False, name='window1', numSamples=2, pos=[360.0, 225.0], screen=0, size=array([2880, 1800]), stencilBits=0, stereo=False, units='height', useFBO=True, useRetina=True, viewOri=0.0, viewPos=None, viewScale=None, waitBlanking=True, winType='pyglet')
9.1253 	EXP 	window1: mouseVisible = True
9.1254 	EXP 	window1: recordFrameIntervals = False
9.2062 	EXP 	window1: recordFrameIntervals = True
10.0572 	WARNING 	Couldn't measure a consistent frame rate.
  - Is your graphics card set to sync to vertical blank?
  - Are you running other processes on your computer?

14.2836 	EXP 	window1: mouseVisible = True
14.3132 	EXP 	window1: mouseVisible = True
14.3589 	WARNING 	t of last frame was 4302.07ms (=1/0)
14.3589 	EXP 	age_textbox: autoLog = True
14.3589 	EXP 	gender_textbox: autoLog = True
14.3589 	EXP 	handedness_textbox: autoLog = True
14.3589 	EXP 	ADHD_textbox: autoLog = True
14.3589 	EXP 	reading_disabilities_textbox: autoLog = True
14.3589 	EXP 	age_textbox: autoDraw = True
14.3589 	EXP 	gender_textbox: autoDraw = True
14.3589 	EXP 	handedness_textbox: autoDraw = True
17.6334 	WARNING 	t of last frame was 29.67ms (=1/33)
23.8334 	WARNING 	t of last frame was 23.86ms (=1/41)
24.4831 	WARNING 	t of last frame was 24.12ms (=1/41)
24.8333 	WARNING 	Multiple dropped frames have occurred - I'll stop bothering you about them!
28.0365 	DATA 	Keypress: 1
28.6882 	DATA 	Keypress: backspace
31.3559 	DATA 	Keypress: 1
31.5332 	DATA 	Keypress: 9
32.4567 	DATA 	Keypress: return
33.1851 	DATA 	Keypress: backspace
34.1556 	DATA 	Mouse: Left button down, pos=(757,535)
34.2715 	DATA 	Mouse:  Left button up, pos=(757,535)
35.1376 	DATA 	Mouse: Left button down, pos=(725,537)
35.2709 	DATA 	Mouse:  Left button up, pos=(725,537)
36.6053 	DATA 	Keypress: lshift
36.8500 	DATA 	Keypress: f
38.3373 	DATA 	Mouse: Left button down, pos=(726,546)
38.4548 	DATA 	Mouse:  Left button up, pos=(726,546)
38.6774 	DATA 	Keypress: lshift
38.9258 	DATA 	Keypress: f
40.0373 	DATA 	Mouse: Left button down, pos=(707,53)
40.0500 	EXP 	age_textbox: autoDraw = False
40.0500 	EXP 	gender_textbox: autoDraw = False
40.0500 	EXP 	handedness_textbox: autoDraw = False
40.0500 	EXP 	ADHD_textbox: autoDraw = True
40.0500 	EXP 	reading_disabilities_textbox: autoDraw = True
40.1526 	DATA 	Mouse:  Left button up, pos=(707,53)
42.0332 	DATA 	Keypress: left
45.0478 	DATA 	Keypress: q
46.2092 	DATA 	Keypress: backspace
46.4684 	DATA 	Keypress: escape
46.5839 	EXP 	window1: mouseVisible = True
